Build started 2/26/2015 10:33:14 PM.
     1>Project "C:\Users\Kenny Bello\Desktop\hw2\PingPong\PingPong\PingPong.vcxproj" on node 2 (Build target(s)).
     1>InitializeBuildStatus:
         Creating "x64\Debug\PingPong.unsuccessfulbuild" because "AlwaysCreate" was specified.
       ClCompile:
         C:\Program Files (x86)\Microsoft Visual Studio 11.0\VC\bin\x86_amd64\CL.exe /c /Zi /nologo /W3 /WX- /Od /D WIN32 /D _DEBUG /D _WINDOWS /D _UNICODE /D UNICODE /Gm /EHsc /RTC1 /MDd /GS /fp:precise /Zc:wchar_t /Zc:forScope /Fo"x64\Debug\\" /Fd"x64\Debug\vc110.pdb" /Gd /TP /errorReport:prompt ..\..\App.cpp
         App.cpp
     1>..\..\App.cpp(25): warning C4305: 'argument' : truncation from 'double' to 'float'
     1>..\..\App.cpp(71): warning C4244: 'initializing' : conversion from 'double' to 'float', possible loss of data
     1>..\..\App.cpp(73): warning C4244: 'argument' : conversion from 'double' to 'float', possible loss of data
     1>..\..\App.cpp(75): warning C4244: 'argument' : conversion from 'double' to 'float', possible loss of data
     1>..\..\App.cpp(97): warning C4244: 'argument' : conversion from 'double' to 'float', possible loss of data
     1>..\..\App.cpp(100): warning C4244: '=' : conversion from 'double' to 'float', possible loss of data
     1>..\..\App.cpp(107): warning C4244: 'argument' : conversion from 'double' to 'float', possible loss of data
     1>..\..\App.cpp(110): warning C4244: '=' : conversion from 'double' to 'float', possible loss of data
     1>..\..\App.cpp(115): warning C4244: 'argument' : conversion from 'double' to 'float', possible loss of data
     1>..\..\App.cpp(118): warning C4244: '=' : conversion from 'double' to 'float', possible loss of data
     1>..\..\App.cpp(121): warning C4244: 'argument' : conversion from 'double' to 'float', possible loss of data
     1>..\..\App.cpp(125): warning C4244: '=' : conversion from 'double' to 'float', possible loss of data
     1>..\..\App.cpp(129): warning C4244: '=' : conversion from 'double' to 'float', possible loss of data
     1>..\..\App.cpp(190): warning C4244: 'argument' : conversion from 'double' to 'float', possible loss of data
     1>..\..\App.cpp(194): warning C4244: 'argument' : conversion from 'double' to 'float', possible loss of data
     1>..\..\App.cpp(205): warning C4305: 'argument' : truncation from 'double' to 'float'
     1>..\..\App.cpp(211): warning C4244: 'argument' : conversion from 'double' to 'float', possible loss of data
     1>..\..\App.cpp(213): warning C4305: 'argument' : truncation from 'double' to 'float'
     1>..\..\App.cpp(220): warning C4305: 'argument' : truncation from 'double' to 'float'
     1>..\..\App.cpp(227): warning C4244: 'argument' : conversion from 'double' to 'float', possible loss of data
     1>..\..\App.cpp(231): warning C4244: 'argument' : conversion from 'double' to 'float', possible loss of data
     1>..\..\App.cpp(248): warning C4244: 'argument' : conversion from 'double' to 'float', possible loss of data
     1>..\..\App.cpp(257): warning C4305: 'argument' : truncation from 'double' to 'float'
     1>..\..\App.cpp(257): warning C4244: 'argument' : conversion from 'double' to 'float', possible loss of data
     1>..\..\App.cpp(266): warning C4305: 'argument' : truncation from 'double' to 'float'
     1>..\..\App.cpp(267): warning C4244: 'argument' : conversion from 'double' to 'float', possible loss of data
     1>..\..\App.cpp(267): warning C4305: 'argument' : truncation from 'double' to 'float'
       Link:
         C:\Program Files (x86)\Microsoft Visual Studio 11.0\VC\bin\x86_amd64\link.exe /ERRORREPORT:PROMPT /OUT:"C:\Users\Kenny Bello\Desktop\hw2\PingPong\x64\Debug\PingPong.exe" /INCREMENTAL /NOLOGO kernel32.lib user32.lib gdi32.lib winspool.lib comdlg32.lib advapi32.lib shell32.lib ole32.lib oleaut32.lib uuid.lib odbc32.lib odbccp32.lib /MANIFEST /MANIFESTUAC:"level='asInvoker' uiAccess='false'" /manifest:embed /DEBUG /PDB:"C:\Users\Kenny Bello\Desktop\hw2\PingPong\x64\Debug\PingPong.pdb" /SUBSYSTEM:WINDOWS /TLBID:1 /DYNAMICBASE /NXCOMPAT /IMPLIB:"C:\Users\Kenny Bello\Desktop\hw2\PingPong\x64\Debug\PingPong.lib" /MACHINE:X64 x64\Debug\App.obj
         PingPong.vcxproj -> C:\Users\Kenny Bello\Desktop\hw2\PingPong\x64\Debug\PingPong.exe
       FinalizeBuildStatus:
         Deleting file "x64\Debug\PingPong.unsuccessfulbuild".
         Touching "x64\Debug\PingPong.lastbuildstate".
     1>Done Building Project "C:\Users\Kenny Bello\Desktop\hw2\PingPong\PingPong\PingPong.vcxproj" (Build target(s)).

Build succeeded.

Time Elapsed 00:00:06.04
